<?xml version="1.0" encoding="UTF-8"?>
<!-- Generated by org.testng.reporters.JUnitXMLReporter -->
<testsuite hostname="HMECL001027" ignored="0" name="Test" tests="4" failures="0" timestamp="18 Jan 2019 06:50:54 GMT" time="153.892" errors="0">
  <testcase name="RenewCust" time="51.559" classname="com.tests.RenewCustomerTest"/>
  <testcase name="verifyLogin" time="6.864" classname="com.tests.CrmLoginTest"/>
  <testcase name="UpdateCust" time="58.503" classname="com.tests.UpgradeCustomerTest"/>
  <testcase name="testApp" time="0.004" classname="WHC_Renewal.WHC_Renewal.AppTest"/>
</testsuite> <!-- Test -->
